[debug] [2019-09-23T19:19:30.363Z] ----------------------------------------------------------------------
[debug] [2019-09-23T19:19:30.364Z] Command:       /usr/local/bin/node /usr/local/bin/firebase init
[debug] [2019-09-23T19:19:30.364Z] CLI Version:   7.3.2
[debug] [2019-09-23T19:19:30.364Z] Platform:      linux
[debug] [2019-09-23T19:19:30.364Z] Node Version:  v10.16.3
[debug] [2019-09-23T19:19:30.365Z] Time:          Mon Sep 23 2019 14:19:30 GMT-0500 (Central Daylight Time)
[debug] [2019-09-23T19:19:30.365Z] ----------------------------------------------------------------------
[debug] 
[debug] [2019-09-23T19:19:30.369Z] > command requires scopes: ["email","openid","https://www.googleapis.com/auth/cloudplatformprojects.readonly","https://www.googleapis.com/auth/firebase","https://www.googleapis.com/auth/cloud-platform"]
[debug] [2019-09-23T19:19:30.369Z] > authorizing via signed-in user
[info] 
     ######## #### ########  ######## ########     ###     ######  ########
     ##        ##  ##     ## ##       ##     ##  ##   ##  ##       ##
     ######    ##  ########  ######   ########  #########  ######  ######
     ##        ##  ##    ##  ##       ##     ## ##     ##       ## ##
     ##       #### ##     ## ######## ########  ##     ##  ######  ########

You're about to initialize a Firebase project in this directory:

  /home/tais/Documents/Admon de proyectos de ing de sw/adsoftwebpage-master

Before we get started, keep in mind:

  * You are initializing in an existing Firebase project directory

[info] 
=== Project Setup
[info] 
[info] First, let's associate this project directory with a Firebase project.
[info] You can create multiple project aliases by running firebase use --add, 
[info] but for now we'll just set up a default project.
[info] 
[info] i  .firebaserc already has a default project, using ng5-adsoft.
[debug] [2019-09-23T19:19:56.059Z] > refreshing access token with scopes: ["email","https://www.googleapis.com/auth/cloud-platform","https://www.googleapis.com/auth/cloudplatformprojects.readonly","https://www.googleapis.com/auth/firebase","openid"]
[debug] [2019-09-23T19:19:56.059Z] >>> HTTP REQUEST POST https://www.googleapis.com/oauth2/v3/token  
 <request body omitted>
[debug] [2019-09-23T19:20:01.289Z] <<< HTTP RESPONSE 200
[debug] [2019-09-23T19:20:01.412Z] >>> HTTP REQUEST GET https://firebase.googleapis.com/v1beta1/projects/ng5-adsoft  
 
[debug] [2019-09-23T19:20:01.917Z] <<< HTTP RESPONSE 403
[debug] [2019-09-23T19:20:01.918Z] <<< HTTP RESPONSE BODY
[debug] [2019-09-23T19:20:01.921Z] HTTP Error: 403, The caller does not have permission
[debug] [2019-09-23T19:20:02.126Z] FirebaseError: HTTP Error: 403, The caller does not have permission
    at module.exports (/usr/local/lib/node_modules/firebase-tools/lib/responseToError.js:38:12)
    at Request._callback (/usr/local/lib/node_modules/firebase-tools/lib/api.js:39:35)
    at Request.self.callback (/usr/local/lib/node_modules/firebase-tools/node_modules/request/request.js:185:22)
    at Request.emit (events.js:198:13)
    at Request.EventEmitter.emit (domain.js:448:20)
    at Request.<anonymous> (/usr/local/lib/node_modules/firebase-tools/node_modules/request/request.js:1161:10)
    at Request.emit (events.js:198:13)
    at Request.EventEmitter.emit (domain.js:448:20)
    at IncomingMessage.<anonymous> (/usr/local/lib/node_modules/firebase-tools/node_modules/request/request.js:1083:12)
    at Object.onceWrapper (events.js:286:20)
[error] 
[error] Error: Failed to get Firebase project ng5-adsoft. Please make sure the project exists and your account has permission to access it.
[debug] [2019-09-23T19:27:38.763Z] ----------------------------------------------------------------------
[debug] [2019-09-23T19:27:38.765Z] Command:       /usr/local/bin/node /usr/local/bin/firebase init
[debug] [2019-09-23T19:27:38.765Z] CLI Version:   7.3.2
[debug] [2019-09-23T19:27:38.765Z] Platform:      linux
[debug] [2019-09-23T19:27:38.765Z] Node Version:  v10.16.3
[debug] [2019-09-23T19:27:38.765Z] Time:          Mon Sep 23 2019 14:27:38 GMT-0500 (Central Daylight Time)
[debug] [2019-09-23T19:27:38.765Z] ----------------------------------------------------------------------
[debug] 
[debug] [2019-09-23T19:27:38.769Z] > command requires scopes: ["email","openid","https://www.googleapis.com/auth/cloudplatformprojects.readonly","https://www.googleapis.com/auth/firebase","https://www.googleapis.com/auth/cloud-platform"]
[debug] [2019-09-23T19:27:38.770Z] > authorizing via signed-in user
[info] 
     ######## #### ########  ######## ########     ###     ######  ########
     ##        ##  ##     ## ##       ##     ##  ##   ##  ##       ##
     ######    ##  ########  ######   ########  #########  ######  ######
     ##        ##  ##    ##  ##       ##     ## ##     ##       ## ##
     ##       #### ##     ## ######## ########  ##     ##  ######  ########

You're about to initialize a Firebase project in this directory:

  /home/tais/Documents/Admon de proyectos de ing de sw/adsoftwebpage-master

Before we get started, keep in mind:

  * You are initializing in an existing Firebase project directory

[info] 
=== Project Setup
[info] 
[info] First, let's associate this project directory with a Firebase project.
[info] You can create multiple project aliases by running firebase use --add, 
[info] but for now we'll just set up a default project.
[info] 
[info] i  .firebaserc already has a default project, using adsoftwebpage-master.
[debug] [2019-09-23T19:27:43.415Z] >>> HTTP REQUEST GET https://firebase.googleapis.com/v1beta1/projects/adsoftwebpage-master  
 
[debug] [2019-09-23T19:27:44.170Z] <<< HTTP RESPONSE 403
[debug] [2019-09-23T19:27:44.170Z] <<< HTTP RESPONSE BODY
[debug] [2019-09-23T19:27:44.171Z] HTTP Error: 403, The caller does not have permission
[debug] [2019-09-23T19:27:44.374Z] FirebaseError: HTTP Error: 403, The caller does not have permission
    at module.exports (/usr/local/lib/node_modules/firebase-tools/lib/responseToError.js:38:12)
    at Request._callback (/usr/local/lib/node_modules/firebase-tools/lib/api.js:39:35)
    at Request.self.callback (/usr/local/lib/node_modules/firebase-tools/node_modules/request/request.js:185:22)
    at Request.emit (events.js:198:13)
    at Request.EventEmitter.emit (domain.js:448:20)
    at Request.<anonymous> (/usr/local/lib/node_modules/firebase-tools/node_modules/request/request.js:1161:10)
    at Request.emit (events.js:198:13)
    at Request.EventEmitter.emit (domain.js:448:20)
    at IncomingMessage.<anonymous> (/usr/local/lib/node_modules/firebase-tools/node_modules/request/request.js:1083:12)
    at Object.onceWrapper (events.js:286:20)
[error] 
[error] Error: Failed to get Firebase project adsoftwebpage-master. Please make sure the project exists and your account has permission to access it.
[debug] [2019-09-23T19:29:34.434Z] ----------------------------------------------------------------------
[debug] [2019-09-23T19:29:34.435Z] Command:       /usr/local/bin/node /usr/local/bin/firebase init
[debug] [2019-09-23T19:29:34.436Z] CLI Version:   7.3.2
[debug] [2019-09-23T19:29:34.436Z] Platform:      linux
[debug] [2019-09-23T19:29:34.436Z] Node Version:  v10.16.3
[debug] [2019-09-23T19:29:34.436Z] Time:          Mon Sep 23 2019 14:29:34 GMT-0500 (Central Daylight Time)
[debug] [2019-09-23T19:29:34.436Z] ----------------------------------------------------------------------
[debug] 
[debug] [2019-09-23T19:29:34.440Z] > command requires scopes: ["email","openid","https://www.googleapis.com/auth/cloudplatformprojects.readonly","https://www.googleapis.com/auth/firebase","https://www.googleapis.com/auth/cloud-platform"]
[debug] [2019-09-23T19:29:34.440Z] > authorizing via signed-in user
[info] 
     ######## #### ########  ######## ########     ###     ######  ########
     ##        ##  ##     ## ##       ##     ##  ##   ##  ##       ##
     ######    ##  ########  ######   ########  #########  ######  ######
     ##        ##  ##    ##  ##       ##     ## ##     ##       ## ##
     ##       #### ##     ## ######## ########  ##     ##  ######  ########

You're about to initialize a Firebase project in this directory:

  /home/tais/Documents/Admon de proyectos de ing de sw/adsoftwebpage-master

Before we get started, keep in mind:

  * You are initializing in an existing Firebase project directory

[info] 
=== Project Setup
[info] 
[info] First, let's associate this project directory with a Firebase project.
[info] You can create multiple project aliases by running firebase use --add, 
[info] but for now we'll just set up a default project.
[info] 
[info] i  .firebaserc already has a default project, using firebase.
[debug] [2019-09-23T19:29:42.101Z] >>> HTTP REQUEST GET https://firebase.googleapis.com/v1beta1/projects/firebase  
 
[debug] [2019-09-23T19:29:42.445Z] <<< HTTP RESPONSE 403
[debug] [2019-09-23T19:29:42.445Z] <<< HTTP RESPONSE BODY
[debug] [2019-09-23T19:29:42.450Z] HTTP Error: 403, The caller does not have permission
[debug] [2019-09-23T19:29:42.670Z] FirebaseError: HTTP Error: 403, The caller does not have permission
    at module.exports (/usr/local/lib/node_modules/firebase-tools/lib/responseToError.js:38:12)
    at Request._callback (/usr/local/lib/node_modules/firebase-tools/lib/api.js:39:35)
    at Request.self.callback (/usr/local/lib/node_modules/firebase-tools/node_modules/request/request.js:185:22)
    at Request.emit (events.js:198:13)
    at Request.EventEmitter.emit (domain.js:448:20)
    at Request.<anonymous> (/usr/local/lib/node_modules/firebase-tools/node_modules/request/request.js:1161:10)
    at Request.emit (events.js:198:13)
    at Request.EventEmitter.emit (domain.js:448:20)
    at IncomingMessage.<anonymous> (/usr/local/lib/node_modules/firebase-tools/node_modules/request/request.js:1083:12)
    at Object.onceWrapper (events.js:286:20)
[error] 
[error] Error: Failed to get Firebase project firebase. Please make sure the project exists and your account has permission to access it.
